TN:
SF:src\PatternController\TransformPattern.ts
FN:11,(anonymous_7)
FN:23,(anonymous_8)
FN:32,(anonymous_9)
FN:32,(anonymous_10)
FNF:4
FNH:2
FNDA:0,(anonymous_7)
FNDA:0,(anonymous_8)
FNDA:7,(anonymous_9)
FNDA:7,(anonymous_10)
DA:1,1
DA:3,1
DA:11,1
DA:12,0
DA:13,0
DA:14,0
DA:23,1
DA:24,0
DA:25,0
DA:32,7
DA:33,7
DA:34,7
DA:35,0
DA:37,0
DA:38,0
DA:39,0
DA:41,0
DA:42,0
DA:44,0
DA:45,0
DA:47,0
DA:48,0
LF:22
LH:7
BRDA:23,0,0,0
BRDA:23,1,0,0
BRDA:33,2,0,0
BRDA:33,2,1,7
BRDA:35,3,0,0
BRDA:35,3,1,0
BRDA:36,4,0,0
BRDA:36,4,1,0
BRDA:39,5,0,0
BRDA:39,5,1,0
BRF:10
BRH:1
end_of_record
TN:
SF:src\PatternController\ValidatePattern.ts
FN:13,(anonymous_7)
FN:25,(anonymous_8)
FN:35,(anonymous_9)
FN:51,(anonymous_10)
FN:63,(anonymous_11)
FN:63,(anonymous_12)
FNF:6
FNH:6
FNDA:79,(anonymous_7)
FNDA:79,(anonymous_8)
FNDA:79,(anonymous_9)
FNDA:79,(anonymous_10)
FNDA:79,(anonymous_11)
FNDA:79,(anonymous_12)
DA:2,1
DA:13,1
DA:14,79
DA:15,79
DA:16,79
DA:25,1
DA:26,79
DA:35,1
DA:36,79
DA:37,79
DA:38,79
DA:39,79
DA:40,79
DA:42,0
DA:51,1
DA:52,79
DA:63,79
DA:65,79
DA:67,79
DA:69,79
DA:73,1
LF:21
LH:20
BRDA:16,0,0,79
BRDA:16,0,1,0
BRDA:38,1,0,79
BRDA:38,1,1,0
BRDA:38,2,0,79
BRDA:38,2,1,79
BRDA:63,3,0,0
BRDA:65,4,0,79
BRDA:65,4,1,0
BRDA:69,5,0,79
BRDA:69,5,1,79
BRDA:69,5,2,79
BRF:12
BRH:8
end_of_record
TN:
SF:src\config\serverConfig.ts
FNF:0
FNH:0
DA:4,0
DA:8,0
LF:2
LH:0
BRDA:4,0,0,0
BRDA:4,0,1,0
BRDA:10,1,0,0
BRDA:10,1,1,0
BRF:4
BRH:0
end_of_record
TN:
SF:src\constant\Constant.ts
FNF:0
FNH:0
DA:1,1
DA:14,1
DA:22,1
DA:28,1
LF:4
LH:4
BRF:0
BRH:0
end_of_record
TN:
SF:src\routes\routes.ts
FNF:0
FNH:0
DA:5,0
DA:7,0
DA:9,0
DA:10,0
DA:12,0
DA:13,0
LF:6
LH:0
BRF:0
BRH:0
end_of_record
TN:
SF:src\tests\TestData.spec.ts
FNF:0
FNH:0
DA:1,1
LF:1
LH:1
BRF:0
BRH:0
end_of_record
TN:
SF:src\tests\TransformPattern.spec.ts
FN:11,(anonymous_7)
FN:14,(anonymous_8)
FN:14,(anonymous_9)
FNF:3
FNH:3
FNDA:1,(anonymous_7)
FNDA:7,(anonymous_8)
FNDA:7,(anonymous_9)
DA:1,1
DA:3,1
DA:4,1
DA:6,1
DA:10,1
DA:12,1
DA:13,1
DA:14,7
DA:15,7
DA:16,0
LF:10
LH:9
BRF:0
BRH:0
end_of_record
TN:
SF:src\tests\ValidatePattern.spec.ts
FN:9,(anonymous_7)
FN:12,(anonymous_8)
FN:12,(anonymous_9)
FN:20,(anonymous_10)
FN:23,(anonymous_11)
FN:23,(anonymous_12)
FN:31,(anonymous_13)
FN:34,(anonymous_14)
FN:34,(anonymous_15)
FN:42,(anonymous_16)
FN:45,(anonymous_17)
FN:45,(anonymous_18)
FN:53,(anonymous_19)
FN:56,(anonymous_20)
FN:56,(anonymous_21)
FN:64,(anonymous_22)
FN:67,(anonymous_23)
FN:67,(anonymous_24)
FNF:18
FNH:18
FNDA:1,(anonymous_7)
FNDA:7,(anonymous_8)
FNDA:7,(anonymous_9)
FNDA:1,(anonymous_10)
FNDA:12,(anonymous_11)
FNDA:12,(anonymous_12)
FNDA:1,(anonymous_13)
FNDA:12,(anonymous_14)
FNDA:12,(anonymous_15)
FNDA:1,(anonymous_16)
FNDA:12,(anonymous_17)
FNDA:12,(anonymous_18)
FNDA:1,(anonymous_19)
FNDA:12,(anonymous_20)
FNDA:12,(anonymous_21)
FNDA:1,(anonymous_22)
FNDA:24,(anonymous_23)
FNDA:24,(anonymous_24)
DA:1,1
DA:2,1
DA:3,1
DA:4,1
DA:8,1
DA:10,1
DA:11,1
DA:12,7
DA:13,7
DA:14,7
DA:19,1
DA:21,1
DA:22,1
DA:23,12
DA:24,12
DA:25,12
DA:30,1
DA:32,1
DA:33,1
DA:34,12
DA:35,12
DA:36,12
DA:41,1
DA:43,1
DA:44,1
DA:45,12
DA:46,12
DA:47,12
DA:52,1
DA:54,1
DA:55,1
DA:56,12
DA:57,12
DA:58,12
DA:63,1
DA:65,1
DA:66,1
DA:67,24
DA:68,24
DA:69,24
LF:40
LH:40
BRF:0
BRH:0
end_of_record
